[0m22:10:11.428438 [debug] [MainThread]: Sending event: {'category': 'dbt', 'action': 'invocation', 'label': 'start', 'context': [<snowplow_tracker.self_describing_json.SelfDescribingJson object at 0x0000014B12347E90>, <snowplow_tracker.self_describing_json.SelfDescribingJson object at 0x0000014B11E26510>, <snowplow_tracker.self_describing_json.SelfDescribingJson object at 0x0000014B12346050>]}


============================== 22:10:11.428438 | 8dc81507-4529-42ee-ac77-a84ccfb418c8 ==============================
[0m22:10:11.428438 [info ] [MainThread]: Running with dbt=1.7.18
[0m22:10:11.428438 [debug] [MainThread]: running dbt with arguments {'printer_width': '80', 'indirect_selection': 'eager', 'write_json': 'True', 'log_cache_events': 'False', 'partial_parse': 'True', 'cache_selected_only': 'False', 'warn_error': 'None', 'fail_fast': 'False', 'profiles_dir': 'C:\\Users\\64221\\.dbt', 'log_path': 'logs', 'debug': 'False', 'version_check': 'True', 'use_colors': 'True', 'use_experimental_parser': 'False', 'no_print': 'None', 'quiet': 'False', 'warn_error_options': 'WarnErrorOptions(include=[], exclude=[])', 'invocation_command': 'dbt init', 'introspect': 'True', 'static_parser': 'True', 'target_path': 'None', 'log_format': 'default', 'send_anonymous_usage_stats': 'True'}
[0m22:10:11.428438 [warn ] [MainThread]: [ConfigFolderDirectory]: Unable to parse dict {'dir': WindowsPath('C:/Users/64221/.dbt')}
[0m22:10:11.428438 [info ] [MainThread]: Creating dbt configuration folder at 
[0m22:11:08.181911 [debug] [MainThread]: Starter project path: C:\Jaliya\studies\dbt-solution\env\Lib\site-packages\dbt\include\starter_project
[0m22:11:08.212999 [info ] [MainThread]: 
Your new dbt project "dbt_my_sql" was created!

For more information on how to configure the profiles.yml file,
please consult the dbt documentation here:

  https://docs.getdbt.com/docs/configure-your-profile

One more thing:

Need help? Don't hesitate to reach out to us via GitHub issues or on Slack:

  https://community.getdbt.com/

Happy modeling!

[0m22:11:08.212999 [info ] [MainThread]: Setting up your profile.
[0m22:11:16.368042 [info ] [MainThread]: Profile dbt_my_sql written to C:\Users\64221\.dbt\profiles.yml using target's sample configuration. Once updated, you'll be able to start developing with dbt.
[0m22:11:16.368042 [debug] [MainThread]: Command `dbt init` succeeded at 22:11:16.368042 after 65.02 seconds
[0m22:11:16.383651 [debug] [MainThread]: Sending event: {'category': 'dbt', 'action': 'invocation', 'label': 'end', 'context': [<snowplow_tracker.self_describing_json.SelfDescribingJson object at 0x0000014B12343410>, <snowplow_tracker.self_describing_json.SelfDescribingJson object at 0x0000014B1234B150>, <snowplow_tracker.self_describing_json.SelfDescribingJson object at 0x0000014B0B8B0850>]}
[0m22:11:16.383651 [debug] [MainThread]: Flushing usage events
[0m00:06:55.888285 [debug] [MainThread]: Sending event: {'category': 'dbt', 'action': 'invocation', 'label': 'start', 'context': [<snowplow_tracker.self_describing_json.SelfDescribingJson object at 0x0000024E63802D10>, <snowplow_tracker.self_describing_json.SelfDescribingJson object at 0x0000024E6269BB10>, <snowplow_tracker.self_describing_json.SelfDescribingJson object at 0x0000024E63801390>]}


============================== 00:06:55.903917 | fa914b56-1f76-4102-8cd2-086d3925545d ==============================
[0m00:06:55.903917 [info ] [MainThread]: Running with dbt=1.7.18
[0m00:06:55.903917 [debug] [MainThread]: running dbt with arguments {'printer_width': '80', 'indirect_selection': 'eager', 'write_json': 'True', 'log_cache_events': 'False', 'partial_parse': 'True', 'cache_selected_only': 'False', 'warn_error': 'None', 'debug': 'False', 'version_check': 'True', 'log_path': 'logs', 'fail_fast': 'False', 'profiles_dir': 'C:\\Users\\64221\\.dbt', 'use_colors': 'True', 'use_experimental_parser': 'False', 'no_print': 'None', 'quiet': 'False', 'warn_error_options': 'WarnErrorOptions(include=[], exclude=[])', 'invocation_command': 'dbt debug', 'log_format': 'default', 'introspect': 'True', 'target_path': 'None', 'static_parser': 'True', 'send_anonymous_usage_stats': 'True'}
[0m00:06:55.903917 [info ] [MainThread]: dbt version: 1.7.18
[0m00:06:55.903917 [info ] [MainThread]: python version: 3.11.4
[0m00:06:55.903917 [info ] [MainThread]: python path: C:\Jaliya\studies\dbt-solution\env\Scripts\python.exe
[0m00:06:55.903917 [info ] [MainThread]: os info: Windows-10-10.0.22631-SP0
[0m00:06:55.997877 [info ] [MainThread]: Using profiles dir at C:\Users\64221\.dbt
[0m00:06:56.013478 [info ] [MainThread]: Using profiles.yml file at C:\Users\64221\.dbt\profiles.yml
[0m00:06:56.013478 [info ] [MainThread]: Using dbt_project.yml file at C:\Jaliya\studies\dbt-solution\dbt_project.yml
[0m00:06:56.013478 [info ] [MainThread]: adapter type: mysql
[0m00:06:56.013478 [info ] [MainThread]: adapter version: 1.7.0
[0m00:06:56.013478 [info ] [MainThread]: Configuration:
[0m00:06:56.013478 [info ] [MainThread]:   profiles.yml file [[32mOK found and valid[0m]
[0m00:06:56.013478 [info ] [MainThread]:   dbt_project.yml file [[31mERROR not found[0m]
[0m00:06:56.013478 [info ] [MainThread]: Required dependencies:
[0m00:06:56.013478 [debug] [MainThread]: Executing "git --help"
[0m00:06:56.060586 [debug] [MainThread]: STDOUT: "b"usage: git [-v | --version] [-h | --help] [-C <path>] [-c <name>=<value>]\n           [--exec-path[=<path>]] [--html-path] [--man-path] [--info-path]\n           [-p | --paginate | -P | --no-pager] [--no-replace-objects] [--bare]\n           [--git-dir=<path>] [--work-tree=<path>] [--namespace=<name>]\n           [--config-env=<name>=<envvar>] <command> [<args>]\n\nThese are common Git commands used in various situations:\n\nstart a working area (see also: git help tutorial)\n   clone     Clone a repository into a new directory\n   init      Create an empty Git repository or reinitialize an existing one\n\nwork on the current change (see also: git help everyday)\n   add       Add file contents to the index\n   mv        Move or rename a file, a directory, or a symlink\n   restore   Restore working tree files\n   rm        Remove files from the working tree and from the index\n\nexamine the history and state (see also: git help revisions)\n   bisect    Use binary search to find the commit that introduced a bug\n   diff      Show changes between commits, commit and working tree, etc\n   grep      Print lines matching a pattern\n   log       Show commit logs\n   show      Show various types of objects\n   status    Show the working tree status\n\ngrow, mark and tweak your common history\n   branch    List, create, or delete branches\n   commit    Record changes to the repository\n   merge     Join two or more development histories together\n   rebase    Reapply commits on top of another base tip\n   reset     Reset current HEAD to the specified state\n   switch    Switch branches\n   tag       Create, list, delete or verify a tag object signed with GPG\n\ncollaborate (see also: git help workflows)\n   fetch     Download objects and refs from another repository\n   pull      Fetch from and integrate with another repository or a local branch\n   push      Update remote refs along with associated objects\n\n'git help -a' and 'git help -g' list available subcommands and some\nconcept guides. See 'git help <command>' or 'git help <concept>'\nto read about a specific subcommand or concept.\nSee 'git help git' for an overview of the system.\n""
[0m00:06:56.060586 [debug] [MainThread]: STDERR: "b''"
[0m00:06:56.060586 [info ] [MainThread]:  - git [[32mOK found[0m]

[0m00:06:56.060586 [info ] [MainThread]: Connection:
[0m00:06:56.060586 [info ] [MainThread]:   server: localhost
[0m00:06:56.060586 [info ] [MainThread]:   unix_socket: None
[0m00:06:56.060586 [info ] [MainThread]:   port: 3306
[0m00:06:56.060586 [info ] [MainThread]:   database: None
[0m00:06:56.060586 [info ] [MainThread]:   schema: mytest
[0m00:06:56.060586 [info ] [MainThread]:   user: root
[0m00:06:56.060586 [info ] [MainThread]: Registered adapter: mysql=1.7.0
[0m00:06:56.060586 [debug] [MainThread]: Acquiring new mysql connection 'debug'
[0m00:06:56.060586 [debug] [MainThread]: Using mysql connection "debug"
[0m00:06:56.060586 [debug] [MainThread]: On debug: select 1 as id
[0m00:06:56.060586 [debug] [MainThread]: Opening a new connection, currently in state init
[0m00:06:56.262877 [debug] [MainThread]: SQL status: SUCCESS 1 in 0.0 seconds
[0m00:06:56.278574 [debug] [MainThread]: On debug: Close
[0m00:06:56.278574 [info ] [MainThread]:   Connection test: [[32mOK connection ok[0m]

[0m00:06:56.278574 [info ] [MainThread]: [31m1 check failed:[0m
[0m00:06:56.278574 [info ] [MainThread]: Project loading failed for the following reason:
 project path <C:\Jaliya\studies\dbt-solution\dbt_project.yml> not found

[0m00:06:56.278574 [debug] [MainThread]: Command `dbt debug` failed at 00:06:56.278574 after 0.45 seconds
[0m00:06:56.278574 [debug] [MainThread]: Connection 'debug' was properly closed.
[0m00:06:56.278574 [debug] [MainThread]: Sending event: {'category': 'dbt', 'action': 'invocation', 'label': 'end', 'context': [<snowplow_tracker.self_describing_json.SelfDescribingJson object at 0x0000024E637FADD0>, <snowplow_tracker.self_describing_json.SelfDescribingJson object at 0x0000024E637F8B50>, <snowplow_tracker.self_describing_json.SelfDescribingJson object at 0x0000024E637F3950>]}
[0m00:06:56.278574 [debug] [MainThread]: Flushing usage events
